Arguments: 
  /home/dominick/.nvm/versions/node/v12.18.3/bin/node /home/dominick/.nvm/versions/node/v12.18.3/bin/yarn add express

PATH: 
  /home/dominick/.nvm/versions/node/v12.18.3/bin:/usr/local/sbin:/usr/local/bin:/usr/sbin:/usr/bin:/sbin:/bin:/usr/games:/usr/local/games:/snap/bin:/home/dominick/Android/Sdk/emulator:/home/dominick/Android/Sdk/tools:/home/dominick/Android/Sdk/tools/bin:/home/dominick/Android/Sdk/platform-tools:/home/linuxbrew/.linuxbrew/bin:/opt/mongodb-linux-x86_64-ubuntu1804-4.4.0/bin/:/home/dominick/Android/Sdk/emulator:/home/dominick/Android/Sdk/tools:/home/dominick/Android/Sdk/tools/bin:/home/dominick/Android/Sdk/platform-tools:/home/linuxbrew/.linuxbrew/bin:/opt/mongodb-linux-x86_64-ubuntu1804-4.4.0/bin/

Yarn version: 
  1.22.4

Node version: 
  12.18.3

Platform: 
  linux x64

Trace: 
  Error: getaddrinfo EAI_AGAIN registry.yarnpkg.com
      at GetAddrInfoReqWrap.onlookup [as oncomplete] (dns.js:66:26)

npm manifest: 
  {
    "name": "node-setup",
    "version": "1.0.0",
    "main": "index.js",
    "author": "Dominick Brasileiro <brasileiro.dominick@gmail.com>",
    "license": "MIT",
    "devDependencies": {
      "typescript": "^3.9.7"
    }
  }

yarn manifest: 
  No manifest

Lockfile: 
  # THIS IS AN AUTOGENERATED FILE. DO NOT EDIT THIS FILE DIRECTLY.
  # yarn lockfile v1
  
  
  typescript@^3.9.7:
    version "3.9.7"
    resolved "https://registry.yarnpkg.com/typescript/-/typescript-3.9.7.tgz#98d600a5ebdc38f40cb277522f12dc800e9e25fa"
    integrity sha512-BLbiRkiBzAwsjut4x/dsibSTB6yWpwT5qWmC2OfuCg3GgVQCSgMs4vEctYPhsaGtd0AeuuHMkjZ2h2WG8MSzRw==
